    --- LEO: Initializing Databases ---      
     Initializing databases...

      --- LEO: Starting new cycle at 2025-12-14 08:21:58 --- 
     Launching new browser instance...

   [Phase 0] Checking for past matches to review...
--- LEO V2.6: Outcome Review Engine (Concurrent) ---
[Review] Found 3 past predictions to review (Limit: 5).
[Processing] Starting batch review for 3 matches...
  [Score Check] JS Talangai vs Juk (Attempt 1)
  [Score Check] Freiburg W vs SGS Essen W (Attempt 1)
  [Score Check] Nacional vs Tondela (Attempt 1)
    [Popup Handler] Clicked 'I understand' button via: button:has-text('I understand')
    [Popup Handler] Clicked 'I understand' button via: button:has-text('I understand')
    [Auto-Heal] Selector 'meta_match_status' in 'match_page' invalid/missing. Initiating AI repair...
    [AI INTEL] Starting Full Discovery for context: 'match_page' (Force: True)...
    [AI INTEL] Capturing page state for 'match_page'...
    [Auto-Heal] Selector 'meta_match_status' in 'match_page' invalid/missing. Initiating AI repair...
    [AI INTEL] Starting Full Discovery for context: 'match_page' (Force: True)...
    [AI INTEL] Capturing page state for 'match_page'...
    [Auto-Heal] Selector 'meta_match_status' in 'match_page' invalid/missing. Initiating AI repair...
    [AI INTEL] Starting Full Discovery for context: 'match_page' (Force: True)...
    [AI INTEL] Capturing page state for 'match_page'...
    [AI INTEL] Using logged HTML: match_page.html
    [AI INTEL] Mapping UI Elements to HTML Selectors...
    [AI INTEL] Using logged HTML: match_page.html
    [AI INTEL] Mapping UI Elements to HTML Selectors...
    [AI INTEL] Using logged HTML: match_page.html
    [AI INTEL] Mapping UI Elements to HTML Selectors...
    [AI INTEL] Successfully mapped 94 elements.
    [Auto-Heal Success] New selector for 'meta_match_status': div.duelParticipant__score .fixedHeaderDuel__detailStatus
    [AI INTEL] Successfully mapped 103 elements.
    [Auto-Heal Success] New selector for 'meta_match_status': span.fixedHeaderDuel__detailStatus
    [Success] Freiburg W vs SGS Essen W -> Score: 0-0
    [AI INTEL] Successfully mapped 97 elements.
    [Auto-Heal Success] New selector for 'meta_match_status': span.fixedHeaderDuel__detailStatus
    [Skip]  Nacional vs Tondela Match not finished yet.
    [Fail] JS Talangai vs Juk Could not extract score from page.
      Retrying in 5 seconds...
  [Score Check] JS Talangai vs Juk (Attempt 2)
    [Selector Stale] 'meta_match_status' ('span.fixedHeaderDuel__detailStatus') not found after 2 min wait.
    [Auto-Heal] Selector 'meta_match_status' in 'match_page' invalid/missing. Initiating AI repair...
    [AI INTEL] Starting Full Discovery for context: 'match_page' (Force: True)...
    [AI INTEL] Capturing page state for 'match_page'...
    [AI INTEL] Using logged HTML: match_page.html
    [AI INTEL] Mapping UI Elements to HTML Selectors...
    [AI INTEL] Successfully mapped 6 elements.
    [Auto-Heal Failed] AI could not find 'meta_match_status' even after refresh.
    [Fail] JS Talangai vs Juk Could not extract score from page.
      Retrying in 10 seconds...
  [Score Check] JS Talangai vs Juk (Attempt 3)
    [Auto-Heal] Selector 'meta_match_status' in 'match_page' invalid/missing. Initiating AI repair...
    [AI INTEL] Starting Full Discovery for context: 'match_page' (Force: True)...
    [AI INTEL] Capturing page state for 'match_page'...
    [AI INTEL] Using logged HTML: match_page.html
    [AI INTEL] Mapping UI Elements to HTML Selectors...

   --- LEO: Shutting down gracefully. ---
