    --- LEO: Initializing Databases ---      
     Initializing databases...

      --- LEO: Starting new cycle at 2025-12-14 11:53:03 --- 
     Launching new browser instance...

   [Phase 0] Checking for past matches to review...
--- LEO V2.6: Outcome Review Engine (Concurrent) ---
[Review] Found 0 past predictions to review (Limit: 50).
--- No new past matches to review. ---
   [Phase 0] Analyzing prediction accuracy across all reviewed matches...

  [Prediction Accuracy Report]
  ==================================================
  Friday, 12th December, 2025: 67.6% Accurate - 102 Predictions
  Saturday, 13th December, 2025: 49.0% Accurate - 351 Predictions
  ==================================================
  [Confidence-Based Accuracy]
  Very High Confidence: 52.0% Accurate - 298 Predictions
  High Confidence: 61.5% Accurate - 13 Predictions
  Low Confidence: 54.9% Accurate - 142 Predictions
  ==================================================
  Friday, 12th December, 2025 to Saturday, 13th December, 2025: 53.2% Accurate - 453 Predictions

   [Phase 0] Accuracy analysis complete.

   [Phase 1] Starting analysis engine (Flashscore)...

--- Running Flashscore Analysis ---
  [Navigation] Going to Flashscore...
  [Navigation] Flashscore loaded successfully.
    [AI INTEL] Selectors found for 'home_page'. Skipping AI analysis.
    [Resume] Last processed: ID fkfYTyW7 on 15.12.2025

--- SKIPPING DAY: 14.12.2025 (advancing to resume date) ---
  [Navigation] Clicking next day...
    [Success] Next day clicked and page updated.

--- ANALYZING DATE: 15.12.2025 ---
    [AI INTEL] Selectors found for 'home_page'. Skipping AI analysis.
    [Cookies] Accepted via OneTrust
    [Extractor] Extracting match data from page...
    [Matches Found] 67 valid fixtures. (Sorted by Time)
    [Resume] Checking for last processed ID: fkfYTyW7 on this date.
    [Resume] Match found at index 64. Skipping 65 previously processed matches.
    [Batching] Processing 2 matches concurrently...
    [Batch Start] FC Porto vs Estrela: 15.12.2025 - 21:45
    [Batch Start] Spanish Town Police vs Waterhouse: 15.12.2025 - 23:00
    [Cookies] Accepted via OneTrust
    [Popup Handler] Clicked 'I understand' button via: button:has-text('I understand')
    [Cookies] Accepted via OneTrust
    [AI INTEL] Selectors found for 'match_page'. Skipping AI analysis.
    [AI INTEL] Selectors found for 'match_page'. Skipping AI analysis.
    [Popup Handler] Clicked 'I understand' button via: button:has-text('I understand')
    [AI INTEL] Selectors found for 'match_page'. Skipping AI analysis.
    [AI INTEL] Selectors found for 'match_page'. Skipping AI analysis.
    [H2H Expansion] Expanding available match history...
    [H2H Expansion] Expanding available match history...
    [AI INTEL] Selectors found for 'h2h_tab'. Skipping AI analysis.
      [Extractor] Extracting H2H tab...
      [Extractor] Found 10 home, 10 away, 5 H2H matches.
      [OK H2H] H2H tab data extracted for FC Porto_vs_Estrela (25 matches found)
    [AI INTEL] Selectors found for 'h2h_tab'. Skipping AI analysis.
      [Extractor] Extracting H2H tab...
      [Extractor] Found 11 home, 5 away, 0 H2H matches.
      [OK H2H] H2H tab data extracted for Spanish Town Police_vs_Waterhouse (16 matches found)
    [AI INTEL] Selectors found for 'standings_tab'. Skipping AI analysis.
    [AI INTEL] Selectors found for 'standings_tab'. Skipping AI analysis.
      [Extractor] Extracting Standings tab...
      [Extractor] Found 18 teams in standings for 'PORTUGAL - LIGA PORTUGAL - ROUND 14'.
      [DB] UPSERTed 18 standings entries for PORTUGAL - LIGA PORTUGAL - ROUND 14
      [OK Standing] Standings tab data extracted for PORTUGAL - LIGA PORTUGAL - ROUND 14
      [Extractor Validation] Updated League to: PORTUGAL - LIGA PORTUGAL - ROUND 14
      [DB] UPSERTed 18 standings entries for PORTUGAL - LIGA PORTUGAL - ROUND 14
      [OK Standing] Standings tab data extracted for PORTUGAL - LIGA PORTUGAL - ROUND 14
            [OK Signal] FC Porto_vs_Estrela
      [Extractor] Extracting Standings tab...
      [Extractor] Found 14 teams in standings for 'JAMAICA - PREMIER LEAGUE - ROUND 12'.
      [DB] UPSERTed 14 standings entries for JAMAICA - PREMIER LEAGUE - ROUND 12
      [OK Standing] Standings tab data extracted for JAMAICA - PREMIER LEAGUE - ROUND 12
      [Extractor Validation] Updated League to: JAMAICA - PREMIER LEAGUE - ROUND 12
      [DB] UPSERTed 14 standings entries for JAMAICA - PREMIER LEAGUE - ROUND 12
      [OK Standing] Standings tab data extracted for JAMAICA - PREMIER LEAGUE - ROUND 12
            [OK Signal] Spanish Town Police_vs_Waterhouse
  [Navigation] Clicking next day...
    [Success] Next day clicked and page updated.

--- ANALYZING DATE: 16.12.2025 ---
    [AI INTEL] Selectors found for 'home_page'. Skipping AI analysis.
    [Extractor] Extracting match data from page...
    [Matches Found] 46 valid fixtures. (Sorted by Time)
    [Batching] Processing 46 matches concurrently...
    [Batch Start] Aurora vs Academia del Balompie: 16.12.2025 - 00:00
    [Batch Start] Emelec vs EL Nacional: 16.12.2025 - 01:00
    [Batch Start] Arnett Gardens vs Montego Bay: 16.12.2025 - 01:30
    [Batch Start] Arambagh vs Fortis: 16.12.2025 - 09:30
    [Popup Handler] Clicked 'I understand' button via: button:has-text('I understand')
    [Popup Handler] Clicked 'I understand' button via: button:has-text('I understand')
    [AI INTEL] Selectors found for 'match_page'. Skipping AI analysis.
    [AI INTEL] Selectors found for 'match_page'. Skipping AI analysis.
    [Popup Handler] Clicked 'I understand' button via: button:has-text('I understand')
    [Popup Handler] Clicked 'I understand' button via: button:has-text('I understand')
    [Popup Handler] Clicked 'I understand' button via: button:has-text('I understand')
    [AI INTEL] Selectors found for 'match_page'. Skipping AI analysis.
    [AI INTEL] Selectors found for 'match_page'. Skipping AI analysis.
    [Popup Handler] Clicked 'I understand' button via: button:has-text('I understand')
    [AI INTEL] Selectors found for 'match_page'. Skipping AI analysis.
    [Popup Handler] Clicked 'I understand' button via: button:has-text('I understand')
    [AI INTEL] Selectors found for 'match_page'. Skipping AI analysis.
    [Popup Handler] Clicked 'I understand' button via: button:has-text('I understand')
    [AI INTEL] Selectors found for 'match_page'. Skipping AI analysis.
    [AI INTEL] Selectors found for 'match_page'. Skipping AI analysis.
    [H2H Expansion] Expanding available match history...
    [H2H Expansion] Expanding available match history...
    [H2H Expansion] Expanding available match history...
    [H2H Expansion] Expanding available match history...
    [AI INTEL] Selectors found for 'h2h_tab'. Skipping AI analysis.
      [Extractor] Extracting H2H tab...
      [Extractor] Found 10 home, 10 away, 3 H2H matches.
      [OK H2H] H2H tab data extracted for Aurora_vs_Academia del Balompie (23 matches found)
    [AI INTEL] Selectors found for 'h2h_tab'. Skipping AI analysis.
      [Extractor] Extracting H2H tab...
    [AI INTEL] Selectors found for 'h2h_tab'. Skipping AI analysis.
      [Extractor] Extracting H2H tab...
    [AI INTEL] Selectors found for 'h2h_tab'. Skipping AI analysis.
      [Extractor] Extracting H2H tab...
      [Extractor] Found 10 home, 10 away, 1 H2H matches.
      [OK H2H] H2H tab data extracted for Arambagh_vs_Fortis (21 matches found)
      [Extractor] Found 10 home, 10 away, 5 H2H matches.
      [OK H2H] H2H tab data extracted for Emelec_vs_EL Nacional (25 matches found)
      [Extractor] Found 10 home, 10 away, 5 H2H matches.
      [OK H2H] H2H tab data extracted for Arnett Gardens_vs_Montego Bay (25 matches found)
    [AI INTEL] Selectors found for 'standings_tab'. Skipping AI analysis.
    [AI INTEL] Selectors found for 'standings_tab'. Skipping AI analysis.
    [AI INTEL] Selectors found for 'standings_tab'. Skipping AI analysis.
    [AI INTEL] Selectors found for 'standings_tab'. Skipping AI analysis.
    [Cookies] Accepted via OneTrust
    [Cookies] Accepted via OneTrust
    [Cookies] Accepted via OneTrust
    [Cookies] Accepted via OneTrust
      [Extractor] Extracting Standings tab...
      [Extractor] Found 16 teams in standings for 'BOLIVIA - DIVISION PROFESIONAL - ROUND 30'.
      [DB] UPSERTed 16 standings entries for BOLIVIA - DIVISION PROFESIONAL - ROUND 30
      [OK Standing] Standings tab data extracted for BOLIVIA - DIVISION PROFESIONAL - ROUND 30
      [Extractor Validation] Updated League to: BOLIVIA - DIVISION PROFESIONAL - ROUND 30
      [DB] UPSERTed 16 standings entries for BOLIVIA - DIVISION PROFESIONAL - ROUND 30
      [OK Standing] Standings tab data extracted for BOLIVIA - DIVISION PROFESIONAL - ROUND 30
            [OK Signal] Aurora_vs_Academia del Balompie
      [Extractor] Extracting Standings tab...
      [Extractor] Extracting Standings tab...
      [Extractor] Extracting Standings tab...
      [Extractor] Found 5 teams in standings for 'BANGLADESH - FEDERATION CUP'.
      [DB] UPSERTed 5 standings entries for BANGLADESH - FEDERATION CUP
      [OK Standing] Standings tab data extracted for BANGLADESH - FEDERATION CUP
      [Extractor Validation] Updated League to: BANGLADESH - FEDERATION CUP
      [DB] UPSERTed 5 standings entries for BANGLADESH - FEDERATION CUP
      [OK Standing] Standings tab data extracted for BANGLADESH - FEDERATION CUP
            [OK Signal] Arambagh_vs_Fortis
      [Extractor] Found 14 teams in standings for 'JAMAICA - PREMIER LEAGUE - ROUND 12'.
      [DB] UPSERTed 14 standings entries for JAMAICA - PREMIER LEAGUE - ROUND 12
      [OK Standing] Standings tab data extracted for JAMAICA - PREMIER LEAGUE - ROUND 12
      [Extractor Validation] Updated League to: JAMAICA - PREMIER LEAGUE - ROUND 12
      [DB] UPSERTed 14 standings entries for JAMAICA - PREMIER LEAGUE - ROUND 12
      [OK Standing] Standings tab data extracted for JAMAICA - PREMIER LEAGUE - ROUND 12
            [OK Signal] Arnett Gardens_vs_Montego Bay
      [Extractor] Found 6 teams in standings for 'ECUADOR - LIGA PRO - PLACEMENT GROUP - ROUND 9'.
      [DB] UPSERTed 6 standings entries for ECUADOR - LIGA PRO - PLACEMENT GROUP - ROUND 9
      [OK Standing] Standings tab data extracted for ECUADOR - LIGA PRO - PLACEMENT GROUP - ROUND 9
      [Extractor Validation] Updated League to: ECUADOR - LIGA PRO - PLACEMENT GROUP - ROUND 9
      [DB] UPSERTed 6 standings entries for ECUADOR - LIGA PRO - PLACEMENT GROUP - ROUND 9
      [OK Standing] Standings tab data extracted for ECUADOR - LIGA PRO - PLACEMENT GROUP - ROUND 9
            [OK Signal] Emelec_vs_EL Nacional
    [Batch Start] Bashundara Kings vs Mohammedan: 16.12.2025 - 09:30
    [Batch Start] Tusker vs Nairobi United: 16.12.2025 - 11:00
    [Batch Start] Dauphins Noirs vs Motema Pembe: 16.12.2025 - 12:00
    [Batch Start] Uttar Pradesh vs Haryana: 16.12.2025 - 12:00

   --- LEO: Shutting down gracefully. ---
