    --- LEO: Initializing Databases ---      
     Initializing databases...

      --- LEO: Starting new cycle at 2025-12-14 01:23:01 --- 
     Launching new browser instance...

   [Phase 0] Checking for past matches to review...
--- LEO V2.6: Outcome Review Engine (Concurrent) ---
[Review] Found 10 past predictions to review (Limit: 10).
[Processing] Starting batch review for 10 matches...
  [Score Check] Zanaco vs NAPSA Stars (Attempt 1)
  [Score Check] Prison Leopards vs Kansanshi (Attempt 1)
  [Score Check] Nkwazi vs MUZA (Attempt 1)
  [Score Check] Mutondo Stars vs Power Dynamos (Attempt 1)
  [Score Check] Mufulira vs Green Buffaloes (Attempt 1)
    [Selector Stale] 'meta_match_status' ('.fixedHeaderDuel__detailStatus') not found after 2 min wait.
    [Auto-Heal] Selector 'meta_match_status' in 'h2h_tab' invalid/missing. Initiating AI repair...
    [AI INTEL] Starting Full Discovery for context: 'h2h_tab' (Force: True)...
    [AI INTEL] Capturing page state for 'h2h_tab'...
    [Selector Stale] 'meta_match_status' ('.fixedHeaderDuel__detailStatus') not found after 2 min wait.
    [Auto-Heal] Selector 'meta_match_status' in 'h2h_tab' invalid/missing. Initiating AI repair...
    [AI INTEL] Starting Full Discovery for context: 'h2h_tab' (Force: True)...
    [AI INTEL] Capturing page state for 'h2h_tab'...
    [Selector Stale] 'meta_match_status' ('.fixedHeaderDuel__detailStatus') not found after 2 min wait.
    [Auto-Heal] Selector 'meta_match_status' in 'h2h_tab' invalid/missing. Initiating AI repair...
    [AI INTEL] Starting Full Discovery for context: 'h2h_tab' (Force: True)...
    [AI INTEL] Capturing page state for 'h2h_tab'...
    [Selector Stale] 'meta_match_status' ('.fixedHeaderDuel__detailStatus') not found after 2 min wait.
    [Auto-Heal] Selector 'meta_match_status' in 'h2h_tab' invalid/missing. Initiating AI repair...
    [AI INTEL] Starting Full Discovery for context: 'h2h_tab' (Force: True)...
    [AI INTEL] Capturing page state for 'h2h_tab'...
    [Selector Stale] 'meta_match_status' ('.fixedHeaderDuel__detailStatus') not found after 2 min wait.
    [Auto-Heal] Selector 'meta_match_status' in 'h2h_tab' invalid/missing. Initiating AI repair...
    [AI INTEL] Starting Full Discovery for context: 'h2h_tab' (Force: True)...
    [AI INTEL] Capturing page state for 'h2h_tab'...
