    --- LEO: Initializing Databases ---      
     Initializing databases...

      --- LEO: Starting new cycle at 2025-12-14 06:33:20 --- 
     Launching new browser instance...

   [Phase 0] Checking for past matches to review...
--- LEO V2.6: Outcome Review Engine (Concurrent) ---
[Review] Found 150 past predictions to review (Limit: 150).
[Processing] Starting batch review for 150 matches...
  [Score Check] Mutondo Stars vs Power Dynamos (Attempt 1)
  [Score Check] Mufulira vs Green Buffaloes (Attempt 1)
  [Score Check] Nkwazi vs MUZA (Attempt 1)
  [Score Check] Prison Leopards vs Kansanshi (Attempt 1)
  [Score Check] Zanaco vs NAPSA Stars (Attempt 1)
    [Popup Handler] Clicked 'I understand' button via: button:has-text('I understand')
    [Fail] Could not extract score from page.
      Retrying in 5 seconds...
  [Score Check] Mutondo Stars vs Power Dynamos (Attempt 2)
    [Popup Handler] Clicked 'I understand' button via: button:has-text('I understand')
    [Fail] Could not extract score from page.
      Retrying in 5 seconds...
    [Fail] Could not extract score from page.
      Retrying in 5 seconds...
    [Fail] Could not extract score from page.
      Retrying in 5 seconds...
    [Fail] Could not extract score from page.
      Retrying in 5 seconds...
  [Score Check] Prison Leopards vs Kansanshi (Attempt 2)
  [Score Check] Zanaco vs NAPSA Stars (Attempt 2)
  [Score Check] Nkwazi vs MUZA (Attempt 2)
  [Score Check] Mufulira vs Green Buffaloes (Attempt 2)
    [Popup Handler] Clicked 'I understand' button via: button:has-text('I understand')
    [Popup Handler] Clicked 'I understand' button via: button:has-text('I understand')
    [Popup Handler] Clicked 'I understand' button via: button:has-text('I understand')
    [Popup Handler] Clicked 'I understand' button via: button:has-text('I understand')
    [Fail] Could not extract score from page.
      Retrying in 10 seconds...
  [Score Check] Mutondo Stars vs Power Dynamos (Attempt 3)
    [Fail] Could not extract score from page.
      Retrying in 10 seconds...
    [Fail] Could not extract score from page.
      Retrying in 10 seconds...
    [Fail] Could not extract score from page.
      Retrying in 10 seconds...
    [Fail] Could not extract score from page.
      Retrying in 10 seconds...
  [Score Check] Prison Leopards vs Kansanshi (Attempt 3)
  [Score Check] Nkwazi vs MUZA (Attempt 3)
    [Popup Handler] Clicked 'I understand' button via: button:has-text('I understand')
  [Score Check] Mufulira vs Green Buffaloes (Attempt 3)
  [Score Check] Zanaco vs NAPSA Stars (Attempt 3)
    [Popup Handler] Clicked 'I understand' button via: button:has-text('I understand')
    [Popup Handler] Clicked 'I understand' button via: button:has-text('I understand')
    [Fail] Could not extract score from page.
    [Review Failed] Mutondo Stars vs Power Dynamos
  [Score Check] Konkola vs Mines (Attempt 1)
    [Popup Handler] Clicked 'I understand' button via: button:has-text('I understand')
    [Popup Handler] Clicked 'I understand' button via: button:has-text('I understand')
    [Fail] Could not extract score from page.
    [Review Failed] Prison Leopards vs Kansanshi
  [Score Check] Kabwe vs Nchanga Rangers (Attempt 1)
    [Fail] Could not extract score from page.
    [Review Failed] Nkwazi vs MUZA
  [Score Check] Green Eagles vs Red Arrows (Attempt 1)
    [Fail] Could not extract score from page.
    [Review Failed] Mufulira vs Green Buffaloes
    [Fail] Could not extract score from page.
    [Review Failed] Zanaco vs NAPSA Stars
  [Score Check] Nkana vs ZESCO (Attempt 1)
    [Popup Handler] Clicked 'I understand' button via: button:has-text('I understand')
  [Score Check] Burnley vs Fulham (Attempt 1)
    [Popup Handler] Clicked 'I understand' button via: button:has-text('I understand')
    [Fail] Could not extract score from page.
      Retrying in 5 seconds...
  [Score Check] Konkola vs Mines (Attempt 2)
    [Success] Burnley vs Fulham -> Score: 2-3
    [Popup Handler] Clicked 'I understand' button via: button:has-text('I understand')
  [Score Check] Bakaridjan vs Binga (Attempt 1)
    [Fail] Could not extract score from page.
      Retrying in 5 seconds...
    [Popup Handler] Clicked 'I understand' button via: button:has-text('I understand')
  [Score Check] Kabwe vs Nchanga Rangers (Attempt 2)
    [Success] Bakaridjan vs Binga -> Score: 0-2
  [Score Check] MTK Budapest vs Ujpest (Attempt 1)
    [Fail] Could not extract score from page.
      Retrying in 5 seconds...
    [Popup Handler] Clicked 'I understand' button via: button:has-text('I understand')
  [Score Check] Green Eagles vs Red Arrows (Attempt 2)
    [Fail] Could not extract score from page.
      Retrying in 5 seconds...
    [Popup Handler] Clicked 'I understand' button via: button:has-text('I understand')
  [Score Check] Nkana vs ZESCO (Attempt 2)
    [Popup Handler] Clicked 'I understand' button via: button:has-text('I understand')
    [Success] MTK Budapest vs Ujpest -> Score: 3-4
    [Fail] Could not extract score from page.
      Retrying in 10 seconds...
  [Score Check] Kifisia vs Asteras Tripolis (Attempt 1)
    [Popup Handler] Clicked 'I understand' button via: button:has-text('I understand')
  [Score Check] Konkola vs Mines (Attempt 3)
    [Cookies] Accepted via text: I Accept
    [Fail] Could not extract score from page.
      Retrying in 10 seconds...

   --- LEO: Shutting down gracefully. ---
