    --- LEO: Initializing Databases ---      
     Initializing databases...

      --- LEO: Starting new cycle at 2025-12-13 12:47:53 --- 
     Launching new browser instance...

   [Phase 0] Checking for past matches to review...
   [Phase 0] Temporarily skipping review process for testing...
   [Phase 0] Analyzing prediction accuracy across all reviewed matches...

  [Prediction Accuracy Report]
  ==================================================
  Friday, 12th December, 2025: 68.3% Accurate - 101 Predictions
  ==================================================
  [Confidence-Based Accuracy]
  Very High Confidence: 74.0% Accurate - 50 Predictions
  High Confidence: 50.0% Accurate - 8 Predictions
  Low Confidence: 65.1% Accurate - 43 Predictions
  ==================================================
  Friday, 12th December, 2025: 68.3% Accurate - 101 Predictions

   [Phase 0] Accuracy analysis complete.

   [Phase 1] Starting analysis engine (Flashscore)...

--- Running Flashscore Analysis ---
  [Navigation] Going to Flashscore...
  [Navigation] Flashscore loaded successfully.
    [AI INTEL] Selectors found for 'home_page'. Skipping AI analysis.
    [Resume] Last processed: ID YyJr9Sh3 on 14.12.2025

--- SKIPPING DAY: 13.12.2025 (advancing to resume date) ---
  [Navigation] Clicking next day...
    [Cookies] Accepted via text: I Accept
    [Success] Next day clicked and page updated.

--- ANALYZING DATE: 14.12.2025 ---
    [AI INTEL] Selectors found for 'home_page'. Skipping AI analysis.
    [Extractor] Extracting match data from page...
