    --- LEO: Initializing Databases ---      
     Initializing databases...

      --- LEO: Starting new cycle at 2025-12-14 06:00:32 --- 
     Launching new browser instance...

   [Phase 0] Checking for past matches to review...
--- LEO V2.6: Outcome Review Engine (Concurrent) ---
[Review] Found 50 past predictions to review (Limit: 50).
[Processing] Starting batch review for 50 matches...
  [Score Check] Zanaco vs NAPSA Stars (Attempt 1)
  [Score Check] Mutondo Stars vs Power Dynamos (Attempt 1)
  [Score Check] Nkwazi vs MUZA (Attempt 1)
  [Score Check] Mufulira vs Green Buffaloes (Attempt 1)
  [Score Check] Prison Leopards vs Kansanshi (Attempt 1)
    [Popup Handler] Clicked 'I understand' button via: button:has-text('I understand')
    [Popup Handler] Clicked 'I understand' button via: button:has-text('I understand')
    [Popup Handler] Clicked 'I understand' button via: button:has-text('I understand')
    [Popup Handler] Clicked 'I understand' button via: button:has-text('I understand')
    [Fail] Could not extract score from page.
      Retrying in 5 seconds...
    [Fail] Could not extract score from page.
      Retrying in 5 seconds...
    [Fail] Could not extract score from page.
      Retrying in 5 seconds...
    [Fail] Could not extract score from page.
      Retrying in 5 seconds...
    [Fail] Could not extract score from page.
      Retrying in 5 seconds...
  [Score Check] Nkwazi vs MUZA (Attempt 2)
  [Score Check] Mufulira vs Green Buffaloes (Attempt 2)
  [Score Check] Mutondo Stars vs Power Dynamos (Attempt 2)
  [Score Check] Zanaco vs NAPSA Stars (Attempt 2)
  [Score Check] Prison Leopards vs Kansanshi (Attempt 2)
    [Popup Handler] Clicked 'I understand' button via: button:has-text('I understand')
    [Popup Handler] Clicked 'I understand' button via: button:has-text('I understand')
    [Popup Handler] Clicked 'I understand' button via: button:has-text('I understand')
    [Popup Handler] Clicked 'I understand' button via: button:has-text('I understand')
    [Popup Handler] Clicked 'I understand' button via: button:has-text('I understand')
    [Fail] Could not extract score from page.
      Retrying in 10 seconds...
    [Fail] Could not extract score from page.
      Retrying in 10 seconds...
    [Fail] Could not extract score from page.
      Retrying in 10 seconds...
    [Fail] Could not extract score from page.
      Retrying in 10 seconds...
    [Fail] Could not extract score from page.
      Retrying in 10 seconds...
  [Score Check] Mutondo Stars vs Power Dynamos (Attempt 3)
  [Score Check] Nkwazi vs MUZA (Attempt 3)
  [Score Check] Prison Leopards vs Kansanshi (Attempt 3)
  [Score Check] Mufulira vs Green Buffaloes (Attempt 3)
  [Score Check] Zanaco vs NAPSA Stars (Attempt 3)
    [Fail] Could not extract score from page.
    [Review Failed] Nkwazi vs MUZA
    [Fail] Could not extract score from page.
    [Review Failed] Mutondo Stars vs Power Dynamos
  [Score Check] Konkola vs Mines (Attempt 1)
  [Score Check] Kabwe vs Nchanga Rangers (Attempt 1)
    [Fail] Could not extract score from page.
    [Fail] Could not extract score from page.
    [Review Failed] Mufulira vs Green Buffaloes
    [Review Failed] Prison Leopards vs Kansanshi
  [Score Check] Green Eagles vs Red Arrows (Attempt 1)
  [Score Check] Nkana vs ZESCO (Attempt 1)
    [Popup Handler] Clicked 'I understand' button via: button:has-text('I understand')
    [Popup Handler] Clicked 'I understand' button via: button:has-text('I understand')
    [Fail] Could not extract score from page.
    [Review Failed] Zanaco vs NAPSA Stars
  [Score Check] Golden Star vs RC Saint Joseph (Attempt 1)

   --- LEO: Shutting down gracefully. ---
