    --- LEO: Initializing Databases ---      
     Initializing databases...

      --- LEO: Starting new cycle at 2025-12-13 10:21:20 --- 
     Launching new browser instance...

   [Phase 0] Checking for past matches to review...
--- LEO V2.6: Outcome Review Engine (Concurrent) ---
[Review] Found 3 past predictions to review (Limit: 50).
[Processing] Starting batch review for 3 matches...
  [Score Check] Flint Mountain vs Mold Alexandra (Attempt 1)
  [Score Check] JS Talangai vs Juk (Attempt 1)
  [Score Check] OLS Oulu (Fin) vs AC Oulu (Fin) (Attempt 1)
    [Popup Handler] Clicked 'I understand' button via: button:has-text('I understand')
    [Skip]  Flint Mountain vs Mold Alexandra Match not finished yet.
    [Popup Handler] Clicked 'I understand' button via: button:has-text('I understand')
    [Skip]  JS Talangai vs Juk Match not finished yet.
    [Cookies] Accepted via text: I Accept
    [Popup Handler] Clicked 'I understand' button via: button:has-text('I understand')
    [Skip]  OLS Oulu (Fin) vs AC Oulu (Fin) Match not finished yet.
--- Learning Engine: Updated 16 rule weights ---
--- Review Process Complete ---

   [Phase 1] Starting analysis engine (Flashscore)...

--- Running Flashscore Analysis ---
  [Navigation] Going to Flashscore...
  [Navigation] Flashscore loaded successfully.
    [AI INTEL] Selectors found for 'home_page'. Skipping AI analysis.
    [Resume] Last processed: ID YyJr9Sh3 on 14.12.2025

--- SKIPPING DAY: 13.12.2025 (advancing to resume date) ---
  [Navigation] Clicking next day...
    [Cookies] Accepted via text: I Accept
    [Success] Next day clicked and page updated.

--- ANALYZING DATE: 14.12.2025 ---
    [AI INTEL] Selectors found for 'home_page'. Skipping AI analysis.
    [Extractor] Extracting match data from page...
