    --- LEO: Initializing Databases ---      
     Initializing databases...

      --- LEO: Starting new cycle at 2025-12-13 20:00:47 --- 
     Launching new browser instance...

   [Phase 0] Checking for past matches to review...
--- LEO V2.6: Outcome Review Engine (Concurrent) ---
[Review] Found 1 past predictions to review (Limit: 50).
[Processing] Starting batch review for 1 matches...
  [Score Check] Flint Mountain vs Mold Alexandra (Attempt 1)
    [Popup Handler] Clicked 'I understand' button via: button:has-text('I understand')
    [Skip]  Flint Mountain vs Mold Alexandra Match not finished yet.
--- Learning Engine: Updated 16 rule weights ---
--- Review Process Complete ---
   [Phase 0] Analyzing prediction accuracy across all reviewed matches...

  [Prediction Accuracy Report]
  ==================================================
  Friday, 12th December, 2025: 67.6% Accurate - 102 Predictions
  ==================================================
  [Confidence-Based Accuracy]
  Very High Confidence: 74.0% Accurate - 50 Predictions
  High Confidence: 50.0% Accurate - 8 Predictions
  Low Confidence: 63.6% Accurate - 44 Predictions
  ==================================================
  Friday, 12th December, 2025: 67.6% Accurate - 102 Predictions

   [Phase 0] Accuracy analysis complete.

   [Phase 1] Starting analysis engine (Flashscore)...

--- Running Flashscore Analysis ---
  [Navigation] Going to Flashscore...
  [Navigation] Flashscore loaded successfully.
    [AI INTEL] Selectors found for 'home_page'. Skipping AI analysis.
    [Resume] Last processed: ID YyJr9Sh3 on 14.12.2025

--- SKIPPING DAY: 13.12.2025 (advancing to resume date) ---
  [Navigation] Clicking next day...
    [Success] Next day clicked and page updated.

--- ANALYZING DATE: 14.12.2025 ---
    [AI INTEL] Selectors found for 'home_page'. Skipping AI analysis.
    [Extractor] Extracting match data from page...
    [Matches Found] 352 valid fixtures. (Sorted by Time)
    [Resume] Checking for last processed ID: YyJr9Sh3 on this date.
    [Resume] Match found at index 285. Skipping 286 previously processed matches.
    [Batching] Processing 66 matches concurrently...
    [Batch Start] Slovan Bratislava vs Zilina: 14.12.2025 - 18:00
    [Popup Handler] Clicked 'I understand' button via: button:has-text('I understand')
    [AI INTEL] Selectors found for 'match_page'. Skipping AI analysis.
    [Popup Handler] Clicked 'I understand' button via: button:has-text('I understand')
    [H2H Debug] Forcing selector refresh for match page...
    [AI INTEL] Starting Full Discovery for context: 'match_page' (Force: True)...
    [AI INTEL] Capturing page state for 'match_page'...

   --- LEO: Shutting down gracefully. ---
