    --- LEO: Initializing Databases ---      
     Initializing databases...

      --- LEO: Starting new cycle at 2025-12-13 11:37:07 --- 
     Launching new browser instance...

   [Phase 0] Checking for past matches to review...
--- LEO V2.6: Outcome Review Engine (Concurrent) ---
[Review] Found 3 past predictions to review (Limit: 50).
[Processing] Starting batch review for 3 matches...
  [Score Check] Flint Mountain vs Mold Alexandra (Attempt 1)
  [Score Check] OLS Oulu (Fin) vs AC Oulu (Fin) (Attempt 1)
  [Score Check] JS Talangai vs Juk (Attempt 1)
    [Popup Handler] Clicked 'I understand' button via: button:has-text('I understand')
    [Popup Handler] Clicked 'I understand' button via: button:has-text('I understand')
    [Auto-Heal] Selector 'meta_match_status' in 'h2h_tab' invalid/missing. Initiating AI repair...
    [AI INTEL] Starting Full Discovery for context: 'h2h_tab' (Force: True)...
    [AI INTEL] Capturing page state for 'h2h_tab'...
    [Auto-Heal] Selector 'meta_match_status' in 'h2h_tab' invalid/missing. Initiating AI repair...
    [AI INTEL] Starting Full Discovery for context: 'h2h_tab' (Force: True)...
    [AI INTEL] Capturing page state for 'h2h_tab'...
    [AI INTEL] Using logged HTML: h2h_tab.html
    [AI INTEL] Mapping UI Elements to HTML Selectors...
    [AI INTEL] Using logged HTML: h2h_tab.html
    [AI INTEL] Mapping UI Elements to HTML Selectors...
    [AI INTEL] Successfully mapped 51 elements.
    [Auto-Heal Failed] AI could not find 'meta_match_status' even after refresh.
    [AI INTEL] Successfully mapped 64 elements.
    [Auto-Heal Failed] AI could not find 'meta_match_status' even after refresh.
    [Auto-Heal] Selector 'meta_match_status' in 'h2h_tab' invalid/missing. Initiating AI repair...
    [AI INTEL] Starting Full Discovery for context: 'h2h_tab' (Force: True)...
    [AI INTEL] Capturing page state for 'h2h_tab'...
    [Fail] Could not extract score from page.
    [Attempt 1 Failed] Error for vBaBbOi3: Score extraction failed
      Retrying in 5 seconds...

   --- LEO: Shutting down gracefully. ---
