    --- LEO: Initializing Databases ---      
     Initializing databases...

      --- LEO: Starting new cycle at 2025-12-13 23:16:22 --- 
     Launching new browser instance...

   [Phase 0] Checking for past matches to review...
--- LEO V2.6: Outcome Review Engine (Concurrent) ---
[Review] Found 1 past predictions to review (Limit: 50).
[Processing] Starting batch review for 1 matches...
  [Score Check] Flint Mountain vs Mold Alexandra (Attempt 1)
    [Popup Handler] Clicked 'I understand' button via: button:has-text('I understand')
    [Skip]  Flint Mountain vs Mold Alexandra Match not finished yet.
--- Learning Engine: Updated 16 rule weights ---
--- Review Process Complete ---
   [Phase 0] Analyzing prediction accuracy across all reviewed matches...

  [Prediction Accuracy Report]
  ==================================================
  Friday, 12th December, 2025: 67.6% Accurate - 102 Predictions
  ==================================================
  [Confidence-Based Accuracy]
  Very High Confidence: 74.0% Accurate - 50 Predictions
  High Confidence: 50.0% Accurate - 8 Predictions
  Low Confidence: 63.6% Accurate - 44 Predictions
  ==================================================
  Friday, 12th December, 2025: 67.6% Accurate - 102 Predictions

   [Phase 0] Accuracy analysis complete.

   [Phase 1] Starting analysis engine (Flashscore)...

--- Running Flashscore Analysis ---
  [Navigation] Going to Flashscore...
  [Navigation] Flashscore loaded successfully.
    [AI INTEL] Selectors found for 'home_page'. Skipping AI analysis.
    [Resume] Last processed: ID Eqtox2Ks on 14.12.2025

--- SKIPPING DAY: 13.12.2025 (advancing to resume date) ---
  [Navigation] Clicking next day...
    [Success] Next day clicked and page updated.

--- ANALYZING DATE: 14.12.2025 ---
    [AI INTEL] Selectors found for 'home_page'. Skipping AI analysis.
    [Cookies] Accepted via OneTrust
    [Extractor] Extracting match data from page...
    [Matches Found] 354 valid fixtures. (Sorted by Time)
    [Resume] Checking for last processed ID: Eqtox2Ks on this date.
    [Resume] Match found at index 301. Skipping 302 previously processed matches.
    [Batching] Processing 52 matches concurrently...
    [Batch Start] Aris vs Olympiacos Piraeus: 14.12.2025 - 19:00
    [Batch Start] Olympique Sport vs ASEC Mimosas: 14.12.2025 - 19:00
    [Batch Start] Pacos Ferreira vs Lusitania FC: 14.12.2025 - 19:00
    [Batch Start] Moreirense vs Benfica: 14.12.2025 - 19:00
    [AI INTEL] Selectors found for 'match_page'. Skipping AI analysis.
    [AI INTEL] Selectors found for 'match_page'. Skipping AI analysis.
    [Cookies] Accepted via text: I Accept
    [Cookies] Accepted via text: I Accept
    [Cookies] Accepted via text: I Accept
    [Popup Handler] Clicked 'I understand' button via: button:has-text('I understand')
    [Popup Handler] Clicked 'I understand' button via: button:has-text('I understand')
    [Popup Handler] Clicked 'I understand' button via: button:has-text('I understand')
    [AI INTEL] Selectors found for 'match_page'. Skipping AI analysis.
    [AI INTEL] Selectors found for 'match_page'. Skipping AI analysis.
    [AI INTEL] Selectors found for 'match_page'. Skipping AI analysis.
    [Cookies] Accepted via text: I Accept
    [AI INTEL] Selectors found for 'match_page'. Skipping AI analysis.
    [Popup Handler] Clicked 'I understand' button via: button:has-text('I understand')
    [AI INTEL] Selectors found for 'match_page'. Skipping AI analysis.
    [AI INTEL] Selectors found for 'match_page'. Skipping AI analysis.
    [H2H Expansion] Expanding available match history...
    [H2H Expansion] Expanding available match history...
    [H2H Expansion] Expanding available match history...
    [AI INTEL] Selectors found for 'h2h_tab'. Skipping AI analysis.
      [Extractor] Extracting H2H tab...
    [AI INTEL] Selectors found for 'h2h_tab'. Skipping AI analysis.
      [Extractor] Extracting H2H tab...
    [H2H Expansion] Expanding available match history...
      [Extractor] Found 10 home, 10 away, 5 H2H matches.
      [OK H2H] H2H tab data extracted for Aris_vs_Olympiacos Piraeus (25 matches found)
      [Extractor] Found 10 home, 10 away, 2 H2H matches.
      [OK H2H] H2H tab data extracted for Olympique Sport_vs_ASEC Mimosas (22 matches found)
