    --- LEO: Initializing Databases ---      
     Initializing databases...

      --- LEO: Starting new cycle at 2025-12-13 17:41:52 --- 
     Launching new browser instance...

   [Phase 0] Checking for past matches to review...
--- LEO V2.6: Outcome Review Engine (Concurrent) ---
[Review] Found 1 past predictions to review (Limit: 50).
[Processing] Starting batch review for 1 matches...
  [Score Check] Flint Mountain vs Mold Alexandra (Attempt 1)
    [Popup Handler] Clicked 'I understand' button via: button:has-text('I understand')
    [Skip]  Flint Mountain vs Mold Alexandra Match not finished yet.
--- Learning Engine: Updated 16 rule weights ---
--- Review Process Complete ---
   [Phase 0] Analyzing prediction accuracy across all reviewed matches...

  [Prediction Accuracy Report]
  ==================================================
  Friday, 12th December, 2025: 67.6% Accurate - 102 Predictions
  ==================================================
  [Confidence-Based Accuracy]
  Very High Confidence: 74.0% Accurate - 50 Predictions
  High Confidence: 50.0% Accurate - 8 Predictions
  Low Confidence: 63.6% Accurate - 44 Predictions
  ==================================================
  Friday, 12th December, 2025: 67.6% Accurate - 102 Predictions

   [Phase 0] Accuracy analysis complete.

   [Phase 1] Starting analysis engine (Flashscore)...

--- Running Flashscore Analysis ---
  [Navigation] Going to Flashscore...
  [Navigation] Flashscore loaded successfully.
    [AI INTEL] Selectors found for 'home_page'. Skipping AI analysis.
    [Resume] Last processed: ID YyJr9Sh3 on 14.12.2025

--- SKIPPING DAY: 13.12.2025 (advancing to resume date) ---
  [Navigation] Clicking next day...

   --- LEO: Shutting down gracefully. ---
